time=2025-04-12T21:24:39.378+05:00 level=INFO msg="logger is initialized successfully"
time=2025-04-12T21:35:33.928+05:00 level=INFO msg="logger is initialized successfully"
time=2025-04-12T21:36:20.454+05:00 level=INFO msg="logger is initialized successfully"
time=2025-04-12T21:40:10.053+05:00 level=INFO msg="logger is initialized successfully"
time=2025-04-12T21:40:10.054+05:00 level=INFO msg="starting the coffee-shop service"
time=2025-04-12T21:40:10.054+05:00 level=INFO msg="Path to the directory set: ./data"
time=2025-04-12T21:40:10.054+05:00 level=INFO msg="Path to the config set: ./configs/server.yaml"
time=2025-04-12T21:40:10.056+05:00 level=INFO msg="Starting server on port :8080"
time=2025-04-12T21:55:45.197+05:00 level=INFO msg="logger is initialized successfully"
time=2025-04-12T21:55:45.198+05:00 level=INFO msg="starting the coffee-shop service"
time=2025-04-12T21:55:45.198+05:00 level=INFO msg="Path to the directory set: ./data"
time=2025-04-12T21:55:45.198+05:00 level=INFO msg="Path to the config set: ./configs/server.yaml"
time=2025-04-12T21:55:45.198+05:00 level=INFO msg="Starting server on port :8080"
time=2025-04-12T21:57:23.475+05:00 level=INFO msg="logger is initialized successfully"
time=2025-04-12T21:57:23.475+05:00 level=INFO msg="starting the coffee-shop service"
time=2025-04-12T21:57:23.475+05:00 level=INFO msg="Path to the directory set: ./data"
time=2025-04-12T21:57:23.475+05:00 level=INFO msg="Path to the config set: ./configs/server.yaml"
time=2025-04-12T21:57:23.475+05:00 level=INFO msg="Starting server on port :8080"
time=2025-04-12T21:58:32.270+05:00 level=INFO msg="logger is initialized successfully"
time=2025-04-12T21:58:32.271+05:00 level=INFO msg="starting the coffee-shop service"
time=2025-04-12T21:58:32.271+05:00 level=INFO msg="Path to the directory set: ./data"
time=2025-04-12T21:58:32.271+05:00 level=INFO msg="Path to the config set: ./configs/server.yaml"
time=2025-04-12T21:58:32.271+05:00 level=INFO msg="Starting server on port :8080"
time=2025-04-12T21:59:49.479+05:00 level=INFO msg="logger is initialized successfully"
time=2025-04-12T21:59:49.479+05:00 level=INFO msg="starting the coffee-shop service"
time=2025-04-12T21:59:49.479+05:00 level=INFO msg="Path to the directory set: ./data"
time=2025-04-12T21:59:49.479+05:00 level=INFO msg="Path to the config set: ./configs/server.yaml"
time=2025-04-12T21:59:49.480+05:00 level=INFO msg="Starting server on port :8080"
time=2025-04-12T22:00:14.987+05:00 level=INFO msg="logger is initialized successfully"
time=2025-04-12T22:00:14.988+05:00 level=INFO msg="starting the coffee-shop service"
time=2025-04-12T22:00:14.988+05:00 level=INFO msg="Path to the directory set: ./data"
time=2025-04-12T22:00:14.988+05:00 level=INFO msg="Path to the config set: ./configs/server.yaml"
time=2025-04-12T22:00:14.988+05:00 level=INFO msg="Starting server on port :8080"
time=2025-04-12T22:03:34.064+05:00 level=INFO msg="logger is initialized successfully"
time=2025-04-12T22:03:34.065+05:00 level=INFO msg="Registered route" method=POST path=/inventory
time=2025-04-12T22:03:34.065+05:00 level=INFO msg="Registered route" method=GET path=/inventory
time=2025-04-12T22:03:34.065+05:00 level=INFO msg="Registered route" method=GET path=/inventory/{id}
time=2025-04-12T22:03:34.065+05:00 level=INFO msg="Registered route" method=PUT path=/inventory/{id}
time=2025-04-12T22:03:34.065+05:00 level=INFO msg="Registered route" method=DELETE path=/inventory/{id}
time=2025-04-12T22:03:34.065+05:00 level=INFO msg="starting the coffee-shop service"
time=2025-04-12T22:03:34.065+05:00 level=INFO msg="Path to the directory set: ./data"
time=2025-04-12T22:03:34.065+05:00 level=INFO msg="Path to the config set: ./configs/server.yaml"
time=2025-04-12T22:03:34.065+05:00 level=INFO msg="Starting server on port :8080"
time=2025-04-12T22:04:26.067+05:00 level=INFO msg="logger is initialized successfully"
time=2025-04-12T22:04:26.069+05:00 level=INFO msg="starting the coffee-shop service"
time=2025-04-12T22:04:26.069+05:00 level=INFO msg="Path to the directory set: ./data"
time=2025-04-12T22:04:26.069+05:00 level=INFO msg="Path to the config set: ./configs/server.yaml"
time=2025-04-12T22:04:26.069+05:00 level=INFO msg="Starting server on port :8080"
time=2025-04-12T22:07:00.529+05:00 level=DEBUG msg="Successfully added new inventory item:" item="{Name:Espresso Shot Quantity:500 Unit:shots}"
time=2025-04-12T22:10:53.470+05:00 level=INFO msg="logger is initialized successfully"
time=2025-04-12T22:10:53.470+05:00 level=INFO msg="starting the coffee-shop service"
time=2025-04-12T22:10:53.470+05:00 level=INFO msg="Path to the directory set: ./data"
time=2025-04-12T22:10:53.470+05:00 level=INFO msg="Path to the config set: ./configs/server.yaml"
time=2025-04-12T22:10:53.470+05:00 level=INFO msg="Starting server on port :8080"
time=2025-04-12T22:14:22.356+05:00 level=INFO msg="logger is initialized successfully"
time=2025-04-12T22:14:22.357+05:00 level=INFO msg="starting the coffee-shop service"
time=2025-04-12T22:14:22.357+05:00 level=INFO msg="Path to the directory set: ./data"
time=2025-04-12T22:14:22.357+05:00 level=INFO msg="Path to the config set: ./configs/server.yaml"
time=2025-04-12T22:14:22.357+05:00 level=INFO msg="Starting server on port :8080"
time=2025-04-12T22:30:17.181+05:00 level=INFO msg="logger is initialized successfully"
time=2025-04-12T22:30:17.181+05:00 level=INFO msg="starting the coffee-shop service"
time=2025-04-12T22:30:17.181+05:00 level=INFO msg="Path to the directory set: ./data"
time=2025-04-12T22:30:17.181+05:00 level=INFO msg="Path to the config set: ./configs/server.yaml"
time=2025-04-12T22:30:17.182+05:00 level=INFO msg="Starting server on port :8080"
time=2025-04-12T22:31:54.215+05:00 level=INFO msg="logger is initialized successfully"
time=2025-04-12T22:31:54.216+05:00 level=INFO msg="starting the coffee-shop service"
time=2025-04-12T22:31:54.216+05:00 level=INFO msg="Path to the directory set: ./data"
time=2025-04-12T22:31:54.216+05:00 level=INFO msg="Path to the config set: ./configs/server.yaml"
time=2025-04-12T22:31:54.216+05:00 level=INFO msg="Starting server on port :8080"
time=2025-04-12T22:33:43.303+05:00 level=INFO msg="logger is initialized successfully"
time=2025-04-12T22:33:43.303+05:00 level=INFO msg="starting the coffee-shop service"
time=2025-04-12T22:33:43.303+05:00 level=INFO msg="Path to the directory set: ./data"
time=2025-04-12T22:33:43.303+05:00 level=INFO msg="Path to the config set: ./configs/server.yaml"
time=2025-04-12T22:33:43.304+05:00 level=INFO msg="Starting server on port :8080"
time=2025-04-12T22:34:10.467+05:00 level=INFO msg="logger is initialized successfully"
time=2025-04-12T22:34:10.467+05:00 level=INFO msg="starting the coffee-shop service"
time=2025-04-12T22:34:10.467+05:00 level=INFO msg="Path to the directory set: ./data"
time=2025-04-12T22:34:10.467+05:00 level=INFO msg="Path to the config set: ./configs/server.yaml"
time=2025-04-12T22:34:10.468+05:00 level=INFO msg="Starting server on port :8080"
time=2025-04-12T22:34:14.567+05:00 level=DEBUG msg="Retrieved inventory item with ID:" itemId=11
time=2025-04-12T22:41:06.058+05:00 level=INFO msg="logger is initialized successfully"
time=2025-04-12T22:41:06.060+05:00 level=INFO msg="starting the coffee-shop service"
time=2025-04-12T22:41:06.060+05:00 level=INFO msg="Path to the directory set: ./data"
time=2025-04-12T22:41:06.060+05:00 level=INFO msg="Path to the config set: ./configs/server.yaml"
time=2025-04-12T22:41:06.060+05:00 level=INFO msg="Starting server on port :8080"
time=2025-04-12T22:42:35.394+05:00 level=INFO msg="logger is initialized successfully"
time=2025-04-12T22:42:35.394+05:00 level=INFO msg="starting the coffee-shop service"
time=2025-04-12T22:42:35.394+05:00 level=INFO msg="Path to the directory set: ./data"
time=2025-04-12T22:42:35.394+05:00 level=INFO msg="Path to the config set: ./configs/server.yaml"
time=2025-04-12T22:42:35.395+05:00 level=INFO msg="Starting server on port :8080"
time=2025-04-12T22:42:42.180+05:00 level=DEBUG msg="Retrieved inventory item with ID:" itemId=11
time=2025-04-12T22:42:51.242+05:00 level=DEBUG msg="Retrieved inventory item with ID:" itemId=1
time=2025-04-12T22:44:25.651+05:00 level=INFO msg="logger is initialized successfully"
time=2025-04-12T22:44:25.651+05:00 level=INFO msg="starting the coffee-shop service"
time=2025-04-12T22:44:25.651+05:00 level=INFO msg="Path to the directory set: ./data"
time=2025-04-12T22:44:25.651+05:00 level=INFO msg="Path to the config set: ./configs/server.yaml"
time=2025-04-12T22:44:25.652+05:00 level=INFO msg="Starting server on port :8080"
time=2025-04-12T22:44:30.374+05:00 level=DEBUG msg="Retrieved inventory item with ID:" itemId=1
time=2025-04-12T22:44:31.573+05:00 level=DEBUG msg="Retrieved inventory item with ID:" itemId=1
time=2025-04-12T22:46:24.975+05:00 level=INFO msg="logger is initialized successfully"
time=2025-04-12T22:46:24.975+05:00 level=INFO msg="starting the coffee-shop service"
time=2025-04-12T22:46:24.975+05:00 level=INFO msg="Path to the directory set: ./data"
time=2025-04-12T22:46:24.975+05:00 level=INFO msg="Path to the config set: ./configs/server.yaml"
time=2025-04-12T22:46:24.976+05:00 level=INFO msg="Starting server on port :8080"
time=2025-04-12T22:46:28.881+05:00 level=DEBUG msg="Retrieved inventory item with ID:" itemId=1
time=2025-04-12T22:48:54.525+05:00 level=INFO msg="logger is initialized successfully"
time=2025-04-12T22:48:54.525+05:00 level=INFO msg="starting the coffee-shop service"
time=2025-04-12T22:48:54.525+05:00 level=INFO msg="Path to the directory set: ./data"
time=2025-04-12T22:48:54.525+05:00 level=INFO msg="Path to the config set: ./configs/server.yaml"
time=2025-04-12T22:48:54.526+05:00 level=INFO msg="Starting server on port :8080"
time=2025-04-12T22:48:58.679+05:00 level=DEBUG msg="Retrieved inventory item with ID:" itemId=1
time=2025-04-12T22:50:02.502+05:00 level=INFO msg="logger is initialized successfully"
time=2025-04-12T22:50:02.502+05:00 level=INFO msg="starting the coffee-shop service"
time=2025-04-12T22:50:02.502+05:00 level=INFO msg="Path to the directory set: ./data"
time=2025-04-12T22:50:02.502+05:00 level=INFO msg="Path to the config set: ./configs/server.yaml"
time=2025-04-12T22:50:02.502+05:00 level=INFO msg="Starting server on port :8080"
time=2025-04-12T22:50:14.427+05:00 level=DEBUG msg="Retrieved inventory item with ID:" itemId=1
time=2025-04-12T22:51:27.206+05:00 level=INFO msg="logger is initialized successfully"
time=2025-04-12T22:51:27.207+05:00 level=INFO msg="starting the coffee-shop service"
time=2025-04-12T22:51:27.207+05:00 level=INFO msg="Path to the directory set: ./data"
time=2025-04-12T22:51:27.207+05:00 level=INFO msg="Path to the config set: ./configs/server.yaml"
time=2025-04-12T22:51:27.207+05:00 level=INFO msg="Starting server on port :8080"
time=2025-04-12T22:53:08.336+05:00 level=INFO msg="logger is initialized successfully"
time=2025-04-12T22:53:08.337+05:00 level=INFO msg="starting the coffee-shop service"
time=2025-04-12T22:53:08.337+05:00 level=INFO msg="Path to the directory set: ./data"
time=2025-04-12T22:53:08.337+05:00 level=INFO msg="Path to the config set: ./configs/server.yaml"
time=2025-04-12T22:53:08.337+05:00 level=INFO msg="Starting server on port :8080"
time=2025-04-12T22:53:11.469+05:00 level=DEBUG msg="Successfully updated an inventory item with ID:" itemId=2
time=2025-04-12T22:56:21.139+05:00 level=INFO msg="logger is initialized successfully"
time=2025-04-12T22:56:21.140+05:00 level=INFO msg="starting the coffee-shop service"
time=2025-04-12T22:56:21.140+05:00 level=INFO msg="Path to the directory set: ./data"
time=2025-04-12T22:56:21.140+05:00 level=INFO msg="Path to the config set: ./configs/server.yaml"
time=2025-04-12T22:56:21.140+05:00 level=INFO msg="Starting server on port :8080"
time=2025-04-12T22:56:23.772+05:00 level=DEBUG msg="Successfully updated an inventory item with ID:" itemId=2
time=2025-04-12T22:56:44.346+05:00 level=INFO msg="logger is initialized successfully"
time=2025-04-12T22:56:44.346+05:00 level=INFO msg="starting the coffee-shop service"
time=2025-04-12T22:56:44.346+05:00 level=INFO msg="Path to the directory set: ./data"
time=2025-04-12T22:56:44.346+05:00 level=INFO msg="Path to the config set: ./configs/server.yaml"
time=2025-04-12T22:56:44.347+05:00 level=INFO msg="Starting server on port :8080"
time=2025-04-12T22:56:51.075+05:00 level=DEBUG msg="Successfully deleted an inventory item with ID:" itemId=11
